<?xml version="1.0" encoding="UTF-8"?>
<!-- Generated by org.testng.reporters.JUnitXMLReporter -->
<testsuite hostname="LAPTOP-D0CIFDTL" ignored="1" name="Test1" tests="1" failures="0" timestamp="2022-11-29T08:49:04 IST" time="7.733" errors="0">
  <testcase name="f1" time="3.415" classname="package15.Video_27_ExtentReportIntegrationWithInTestNg"/>
  <testcase name="f2" time="0.0" classname="package15.Video_27_ExtentReportIntegrationWithInTestNg">
    <ignored/>
  </testcase> <!-- f2 -->
</testsuite> <!-- Test1 -->
