<?xml version="1.0" encoding="UTF-8"?>
<!-- Generated by org.testng.reporters.JUnitXMLReporter -->
<testsuite hostname="LAPTOP-D0CIFDTL" ignored="0" name="Test3" tests="3" failures="0" timestamp="2022-11-28T00:20:00 IST" time="21.183" errors="0">
  <testcase name="testMethod10" time="7.076" classname="package11.Video_23_ExecuteYourTestsInParallelUsingTestNg3"/>
  <testcase name="testMethod11" time="8.711" classname="package11.Video_23_ExecuteYourTestsInParallelUsingTestNg3"/>
  <testcase name="testMethod9" time="5.371" classname="package11.Video_23_ExecuteYourTestsInParallelUsingTestNg3"/>
</testsuite> <!-- Test3 -->
