<?xml version="1.0" encoding="UTF-8"?>
<!-- Generated by org.testng.reporters.JUnitXMLReporter -->
<testsuite hostname="LAPTOP-D0CIFDTL" ignored="1" name="Test2" tests="1" failures="1" timestamp="2022-11-29T08:49:08 IST" time="4.091" errors="0">
  <testcase name="f2" time="1.834" classname="package15.Video_27_ExtentReportIntegrationWithInTestNg">
    <failure type="java.lang.AssertionError" message="expected [true] but found [false]">
      <![CDATA[java.lang.AssertionError: expected [true] but found [false]
at package15.Video_27_ExtentReportIntegrationWithInTestNg.f2(Video_27_ExtentReportIntegrationWithInTestNg.java:20)
at java.util.ArrayList.forEach(ArrayList.java:1259)
... Removed 31 stack frames]]>
    </failure>
  </testcase> <!-- f2 -->
  <testcase name="f1" time="0.0" classname="package15.Video_27_ExtentReportIntegrationWithInTestNg">
    <ignored/>
  </testcase> <!-- f1 -->
</testsuite> <!-- Test2 -->
